\BOOKMARK [0][-]{chapter.1}{\376\377\0001\000\040\004\020\004\073\004\104\004\060\004\062\004\070\004\102\004\075\004\113\004\071\000\040\004\103\004\072\004\060\004\067\004\060\004\102\004\065\004\073\004\114\000\040\004\072\004\073\004\060\004\101\004\101\004\076\004\062}{}% 1
\BOOKMARK [1][-]{section.1.1}{\376\377\0001\000.\0001\000\040\004\032\004\073\004\060\004\101\004\101\004\113}{chapter.1}% 2
\BOOKMARK [0][-]{chapter.2}{\376\377\0002\000\040\004\041\004\077\004\070\004\101\004\076\004\072\000\040\004\104\004\060\004\071\004\073\004\076\004\062}{}% 3
\BOOKMARK [1][-]{section.2.1}{\376\377\0002\000.\0001\000\040\004\044\004\060\004\071\004\073\004\113}{chapter.2}% 4
\BOOKMARK [0][-]{chapter.3}{\376\377\0003\000\040\004\032\004\073\004\060\004\101\004\101\004\113}{}% 5
\BOOKMARK [1][-]{section.3.1}{\376\377\0003\000.\0001\000\040\004\032\004\073\004\060\004\101\004\101\000\040\000C\000a\000l\000c\000u\000l\000a\000t\000o\000r}{chapter.3}% 6
\BOOKMARK [2][-]{subsection.3.1.1}{\376\377\0003\000.\0001\000.\0001\000\040\004\037\004\076\004\064\004\100\004\076\004\061\004\075\004\076\004\065\000\040\004\076\004\077\004\070\004\101\004\060\004\075\004\070\004\065}{section.3.1}% 7
\BOOKMARK [2][-]{subsection.3.1.2}{\376\377\0003\000.\0001\000.\0002\000\040\004\034\004\065\004\102\004\076\004\064\004\113}{section.3.1}% 8
\BOOKMARK [3][-]{subsubsection.3.1.2.1}{\376\377\0003\000.\0001\000.\0002\000.\0001\000\040\000c\000a\000l\000c\000u\000l\000a\000t\000e\000S\000u\000m\000O\000f\000S\000q\000u\000a\000r\000e\000s\000\050\000\051}{subsection.3.1.2}% 9
\BOOKMARK [1][-]{section.3.2}{\376\377\0003\000.\0002\000\040\004\032\004\073\004\060\004\101\004\101\000\040\000L\000o\000g\000g\000e\000r}{chapter.3}% 10
\BOOKMARK [2][-]{subsection.3.2.1}{\376\377\0003\000.\0002\000.\0001\000\040\004\037\004\076\004\064\004\100\004\076\004\061\004\075\004\076\004\065\000\040\004\076\004\077\004\070\004\101\004\060\004\075\004\070\004\065}{section.3.2}% 11
\BOOKMARK [2][-]{subsection.3.2.2}{\376\377\0003\000.\0002\000.\0002\000\040\004\032\004\076\004\075\004\101\004\102\004\100\004\103\004\072\004\102\004\076\004\100\000\050\004\113\000\051}{section.3.2}% 12
\BOOKMARK [3][-]{subsubsection.3.2.2.1}{\376\377\0003\000.\0002\000.\0002\000.\0001\000\040\000~\000L\000o\000g\000g\000e\000r\000\050\000\051}{subsection.3.2.2}% 13
\BOOKMARK [2][-]{subsection.3.2.3}{\376\377\0003\000.\0002\000.\0003\000\040\004\034\004\065\004\102\004\076\004\064\004\113}{section.3.2}% 14
\BOOKMARK [3][-]{subsubsection.3.2.3.1}{\376\377\0003\000.\0002\000.\0003\000.\0001\000\040\000g\000e\000t\000I\000n\000s\000t\000a\000n\000c\000e\000\050\000\051}{subsection.3.2.3}% 15
\BOOKMARK [3][-]{subsubsection.3.2.3.2}{\376\377\0003\000.\0002\000.\0003\000.\0002\000\040\000l\000o\000g\000E\000r\000r\000o\000r\000\050\000\051}{subsection.3.2.3}% 16
\BOOKMARK [1][-]{section.3.3}{\376\377\0003\000.\0003\000\040\004\032\004\073\004\060\004\101\004\101\000\040\000S\000e\000r\000v\000e\000r}{chapter.3}% 17
\BOOKMARK [2][-]{subsection.3.3.1}{\376\377\0003\000.\0003\000.\0001\000\040\004\037\004\076\004\064\004\100\004\076\004\061\004\075\004\076\004\065\000\040\004\076\004\077\004\070\004\101\004\060\004\075\004\070\004\065}{section.3.3}% 18
\BOOKMARK [2][-]{subsection.3.3.2}{\376\377\0003\000.\0003\000.\0002\000\040\004\032\004\076\004\075\004\101\004\102\004\100\004\103\004\072\004\102\004\076\004\100\000\050\004\113\000\051}{section.3.3}% 19
\BOOKMARK [3][-]{subsubsection.3.3.2.1}{\376\377\0003\000.\0003\000.\0002\000.\0001\000\040\000S\000e\000r\000v\000e\000r\000\050\000\051}{subsection.3.3.2}% 20
\BOOKMARK [2][-]{subsection.3.3.3}{\376\377\0003\000.\0003\000.\0003\000\040\004\034\004\065\004\102\004\076\004\064\004\113}{section.3.3}% 21
\BOOKMARK [3][-]{subsubsection.3.3.3.1}{\376\377\0003\000.\0003\000.\0003\000.\0001\000\040\000p\000a\000r\000s\000e\000C\000o\000m\000m\000a\000n\000d\000L\000i\000n\000e\000\050\000\051}{subsection.3.3.3}% 22
\BOOKMARK [3][-]{subsubsection.3.3.3.2}{\376\377\0003\000.\0003\000.\0003\000.\0002\000\040\000s\000t\000a\000r\000t\000\050\000\051}{subsection.3.3.3}% 23
\BOOKMARK [1][-]{section.3.4}{\376\377\0003\000.\0004\000\040\004\032\004\073\004\060\004\101\004\101\000\040\000S\000e\000s\000s\000i\000o\000n}{chapter.3}% 24
\BOOKMARK [2][-]{subsection.3.4.1}{\376\377\0003\000.\0004\000.\0001\000\040\004\037\004\076\004\064\004\100\004\076\004\061\004\075\004\076\004\065\000\040\004\076\004\077\004\070\004\101\004\060\004\075\004\070\004\065}{section.3.4}% 25
\BOOKMARK [2][-]{subsection.3.4.2}{\376\377\0003\000.\0004\000.\0002\000\040\004\032\004\076\004\075\004\101\004\102\004\100\004\103\004\072\004\102\004\076\004\100\000\050\004\113\000\051}{section.3.4}% 26
\BOOKMARK [3][-]{subsubsection.3.4.2.1}{\376\377\0003\000.\0004\000.\0002\000.\0001\000\040\000S\000e\000s\000s\000i\000o\000n\000\050\000\051}{subsection.3.4.2}% 27
\BOOKMARK [2][-]{subsection.3.4.3}{\376\377\0003\000.\0004\000.\0003\000\040\004\034\004\065\004\102\004\076\004\064\004\113}{section.3.4}% 28
\BOOKMARK [3][-]{subsubsection.3.4.3.1}{\376\377\0003\000.\0004\000.\0003\000.\0001\000\040\000h\000a\000n\000d\000l\000e\000S\000e\000s\000s\000i\000o\000n\000\050\000\051}{subsection.3.4.3}% 29
\BOOKMARK [1][-]{section.3.5}{\376\377\0003\000.\0005\000\040\004\032\004\073\004\060\004\101\004\101\000\040\000U\000s\000e\000r\000D\000a\000t\000a\000b\000a\000s\000e}{chapter.3}% 30
\BOOKMARK [2][-]{subsection.3.5.1}{\376\377\0003\000.\0005\000.\0001\000\040\004\037\004\076\004\064\004\100\004\076\004\061\004\075\004\076\004\065\000\040\004\076\004\077\004\070\004\101\004\060\004\075\004\070\004\065}{section.3.5}% 31
\BOOKMARK [2][-]{subsection.3.5.2}{\376\377\0003\000.\0005\000.\0002\000\040\004\034\004\065\004\102\004\076\004\064\004\113}{section.3.5}% 32
\BOOKMARK [3][-]{subsubsection.3.5.2.1}{\376\377\0003\000.\0005\000.\0002\000.\0001\000\040\000c\000h\000e\000c\000k\000U\000s\000e\000r\000\050\000\051}{subsection.3.5.2}% 33
\BOOKMARK [3][-]{subsubsection.3.5.2.2}{\376\377\0003\000.\0005\000.\0002\000.\0002\000\040\000g\000e\000t\000P\000a\000s\000s\000w\000o\000r\000d\000\050\000\051}{subsection.3.5.2}% 34
\BOOKMARK [3][-]{subsubsection.3.5.2.3}{\376\377\0003\000.\0005\000.\0002\000.\0003\000\040\000l\000o\000a\000d\000F\000r\000o\000m\000F\000i\000l\000e\000\050\000\051}{subsection.3.5.2}% 35
\BOOKMARK [0][-]{chapter.4}{\376\377\0004\000\040\004\044\004\060\004\071\004\073\004\113}{}% 36
\BOOKMARK [1][-]{section.4.1}{\376\377\0004\000.\0001\000\040\004\044\004\060\004\071\004\073\000\040\000C\000a\000l\000c\000u\000l\000a\000t\000o\000r\000.\000c\000p\000p}{chapter.4}% 37
\BOOKMARK [2][-]{subsection.4.1.1}{\376\377\0004\000.\0001\000.\0001\000\040\004\037\004\076\004\064\004\100\004\076\004\061\004\075\004\076\004\065\000\040\004\076\004\077\004\070\004\101\004\060\004\075\004\070\004\065}{section.4.1}% 38
\BOOKMARK [1][-]{section.4.2}{\376\377\0004\000.\0002\000\040\000C\000a\000l\000c\000u\000l\000a\000t\000o\000r\000.\000h}{chapter.4}% 39
\BOOKMARK [1][-]{section.4.3}{\376\377\0004\000.\0003\000\040\004\044\004\060\004\071\004\073\000\040\000L\000o\000g\000g\000e\000r\000.\000c\000p\000p}{chapter.4}% 40
\BOOKMARK [2][-]{subsection.4.3.1}{\376\377\0004\000.\0003\000.\0001\000\040\004\037\004\076\004\064\004\100\004\076\004\061\004\075\004\076\004\065\000\040\004\076\004\077\004\070\004\101\004\060\004\075\004\070\004\065}{section.4.3}% 41
\BOOKMARK [1][-]{section.4.4}{\376\377\0004\000.\0004\000\040\000L\000o\000g\000g\000e\000r\000.\000h}{chapter.4}% 42
\BOOKMARK [1][-]{section.4.5}{\376\377\0004\000.\0005\000\040\004\044\004\060\004\071\004\073\000\040\000m\000a\000i\000n\000.\000c\000p\000p}{chapter.4}% 43
\BOOKMARK [2][-]{subsection.4.5.1}{\376\377\0004\000.\0005\000.\0001\000\040\004\037\004\076\004\064\004\100\004\076\004\061\004\075\004\076\004\065\000\040\004\076\004\077\004\070\004\101\004\060\004\075\004\070\004\065}{section.4.5}% 44
\BOOKMARK [2][-]{subsection.4.5.2}{\376\377\0004\000.\0005\000.\0002\000\040\004\044\004\103\004\075\004\072\004\106\004\070\004\070}{section.4.5}% 45
\BOOKMARK [3][-]{subsubsection.4.5.2.1}{\376\377\0004\000.\0005\000.\0002\000.\0001\000\040\000m\000a\000i\000n\000\050\000\051}{subsection.4.5.2}% 46
\BOOKMARK [1][-]{section.4.6}{\376\377\0004\000.\0006\000\040\004\044\004\060\004\071\004\073\000\040\000S\000e\000r\000v\000e\000r\000.\000c\000p\000p}{chapter.4}% 47
\BOOKMARK [2][-]{subsection.4.6.1}{\376\377\0004\000.\0006\000.\0001\000\040\004\037\004\076\004\064\004\100\004\076\004\061\004\075\004\076\004\065\000\040\004\076\004\077\004\070\004\101\004\060\004\075\004\070\004\065}{section.4.6}% 48
\BOOKMARK [1][-]{section.4.7}{\376\377\0004\000.\0007\000\040\000S\000e\000r\000v\000e\000r\000.\000h}{chapter.4}% 49
\BOOKMARK [1][-]{section.4.8}{\376\377\0004\000.\0008\000\040\004\044\004\060\004\071\004\073\000\040\000S\000e\000s\000s\000i\000o\000n\000.\000c\000p\000p}{chapter.4}% 50
\BOOKMARK [2][-]{subsection.4.8.1}{\376\377\0004\000.\0008\000.\0001\000\040\004\037\004\076\004\064\004\100\004\076\004\061\004\075\004\076\004\065\000\040\004\076\004\077\004\070\004\101\004\060\004\075\004\070\004\065}{section.4.8}% 51
\BOOKMARK [1][-]{section.4.9}{\376\377\0004\000.\0009\000\040\000S\000e\000s\000s\000i\000o\000n\000.\000h}{chapter.4}% 52
\BOOKMARK [1][-]{section.4.10}{\376\377\0004\000.\0001\0000\000\040\004\044\004\060\004\071\004\073\000\040\000U\000s\000e\000r\000D\000a\000t\000a\000b\000a\000s\000e\000.\000c\000p\000p}{chapter.4}% 53
\BOOKMARK [2][-]{subsection.4.10.1}{\376\377\0004\000.\0001\0000\000.\0001\000\040\004\037\004\076\004\064\004\100\004\076\004\061\004\075\004\076\004\065\000\040\004\076\004\077\004\070\004\101\004\060\004\075\004\070\004\065}{section.4.10}% 54
\BOOKMARK [1][-]{section.4.11}{\376\377\0004\000.\0001\0001\000\040\000U\000s\000e\000r\000D\000a\000t\000a\000b\000a\000s\000e\000.\000h}{chapter.4}% 55
\BOOKMARK [0][-]{section*.14}{\376\377\004\037\004\100\004\065\004\064\004\074\004\065\004\102\004\075\004\113\004\071\000\040\004\103\004\072\004\060\004\067\004\060\004\102\004\065\004\073\004\114}{}% 56
